<?xml version="1.0" encoding="UTF-8"?>
<!-- Generated by org.testng.reporters.JUnitReportReporter -->
<testsuite hostname="DESKTOP-ICLD36V" failures="0" tests="3" name="evaluation.orangehrm" time="16.203" errors="0" timestamp="2024-06-29T12:48:02 IST" skipped="0">
  <testcase classname="evaluation.orangehrm" name="login" time="4.517"/>
  <system-out/>
  <testcase classname="evaluation.orangehrm" name="adminpage" time="10.470"/>
  <system-out/>
  <testcase classname="evaluation.orangehrm" name="logout" time="1.216"/>
  <system-out/>
</testsuite> <!-- evaluation.orangehrm -->
